C51 COMPILER V8.08   _度传感器                                                            05/04/2019 19:07:10 PAGE 1   


C51 COMPILER V8.08, COMPILATION OF MODULE _度传感器
OBJECT MODULE PLACED IN 温度传感器.OBJ
COMPILER INVOKED BY: D:\keil C51\KEIL UV3 8.08 + 注册机\KEIL UV3 8.08\C51\BIN\C51.EXE 温度传感器.c BROWSE DEBUG OBJECTEX
                    -TEND

line level    source

   1          #include <reg51.h>
   2          #include <intrins.h>
   3          #define uchar unsigned char
   4          #define uint  unsigned int
   5          #define HEADLEN     5  //数据包头的长度
   6          #define LEN_OFFSET  2  
   7          /*12864液晶屏 端口定义*/
   8          #define data  P0           //数据口
   9          sbit   RS=P3^5;            //寄存器选择输入 
  10          sbit   RW=P3^6;            //液晶读/写控制
  11          sbit    E=P3^4;            //液晶使能控制
  12          sbit  PSB=P3^7;            //串/并方式控制
  13          sbit wela=P2^6;
  14          sbit dula=P2^7;
  15          /*DS18B20温度传感器 端口定义*/
  16          sbit DQ=P2^4;
  17          uchar dis1[]={"实时温度:"};
  18          uchar head[HEADLEN] = {0xfd,0x00,0x00,0x01,0x00};
  19          /*定义数字ascii编码*/
  20          unsigned char mun_char_table[]={"0123456789abcdef"};
  21          
  22          uchar num,temp,k1num,k2num,k3num,k4num;
  23          void pos(uchar X,uchar Y);  //确定显示位置
  24          
  25          //////////////////以下是12864驱动程序////////////////                                                     
             -         
  26          //函数功能：延时函数
  27          void delay(int ms)
  28          {
  29   1          while(ms--)
  30   1              {
  31   2            uchar i;
  32   2                for(i=0;i<250;i++)  
  33   2                 {
  34   3                  _nop_();                       
  35   3                      _nop_();
  36   3                      _nop_();
  37   3                      _nop_();
  38   3                 }
  39   2              }
  40   1      }
  41          
  42          //函数功能：检查LCD忙状态
  43          //lcd_busy为1时，忙，等待。lcd-busy为0时,闲，可写指令与数据。
  44          bit busy()
  45           { 
  46   1          bit result;
  47   1          P0=0x00;              //关掉数码管的信号。阻止数码管受到P0口信号的影响
  48   1          RS=0;
  49   1          RW=1;
  50   1           E=1;
  51   1          delay(1);
  52   1          result = (bit)(P0&0x80);
  53   1           E=0;
C51 COMPILER V8.08   _度传感器                                                            05/04/2019 19:07:10 PAGE 2   

  54   1          return(result); 
  55   1       }
  56          
  57          //函数功能：写指令数据到LCD                                                  
  58          //RS=L，RW=L，E=高脉冲，D0-D7=指令码。
  59          void wcmd(uchar cmd)
  60          {                       
  61   1         while(busy());
  62   1          RS=0;
  63   1          RW=0;
  64   1           E=0;
  65   1          _nop_();
  66   1          _nop_(); 
  67   1          P0=cmd;
  68   1          delay(1);
  69   1           E=1;
  70   1          delay(1);
  71   1           E=0;  
  72   1      }
  73                                                                         
  74          //函数功能：写显示数据到LCD                                                  
  75          //RS=H，RW=L，E=高脉冲，D0-D7=数据。                               
  76          void wdat(uchar dat)
  77          {                          
  78   1         while(busy());
  79   1          RS=1;
  80   1          RW=0;
  81   1           E=0;
  82   1          P0=dat;
  83   1          delay(1);
  84   1           E=1;
  85   1          delay(1);
  86   1           E=0; 
  87   1      }
  88                                                                       
  89          //函数功能：LCD初始化设定                                                 
  90          void lnit_12864()
  91          { 
  92   1          PSB=1;         //并口方式
  93   1          
  94   1          wcmd(0x34);      //扩充指令操作
  95   1          delay(5);
  96   1          wcmd(0x30);      //基本指令操作
  97   1          delay(5);
  98   1          wcmd(0x0c);      //显示开，关光标
  99   1          delay(5);
 100   1          wcmd(0x01);      //清除LCD的显示内容
 101   1          delay(5);
 102   1      }
 103          
 104          //函数功能：设定显示位置                                          
 105          void pos(uchar X,uchar Y)
 106          {                          
 107   1         uchar  pos;
 108   1         if (X==0)
 109   1           {X=0x80;}
 110   1         else if (X==1)
 111   1           {X=0x90;}
 112   1         else if (X==2)
 113   1           {X=0x88;}
 114   1         else if (X==3)
 115   1           {X=0x98;}
C51 COMPILER V8.08   _度传感器                                                            05/04/2019 19:07:10 PAGE 3   

 116   1         pos=X+Y ;  
 117   1         wcmd(pos);     //显示地址
 118   1      }
 119          //////////////////以下是12864驱动程序////////////////
 120          
 121          //////////////////以下是DS18B20驱动程序/////////////
 122          //延时函数
 123          void delay1(unsigned int i)
 124          {
 125   1              while(i--);
 126   1      }
 127          
 128          //初始化函数
 129          void Init_DS18B20(void)
 130          {
 131   1              unsigned char x=0;
 132   1              DQ = 1; //DQ复位
 133   1              delay1(64); //稍做延时
 134   1              DQ = 0; //单片机将DQ拉低
 135   1              delay1(640); //精确延时 大于 480us
 136   1              DQ = 1; //拉高总线
 137   1              delay1(112);
 138   1              x=DQ; //稍做延时后 如果x=0则初始化成功 x=1则初始化失败
 139   1              delay1(160);
 140   1      }
 141          
 142          //读一个字节
 143          ReadOneChar(void)
 144          {
 145   1              unsigned char i=0;
 146   1              unsigned char dat = 0;
 147   1              for (i=8;i>0;i--){
 148   2                      DQ = 0; // 给脉冲信号
 149   2                      dat>>=1;
 150   2                      DQ = 1; // 给脉冲信号
 151   2                      if(DQ)  dat|=0x80;
 152   2                      delay1(32);
 153   2                      }
 154   1              return(dat);
 155   1      }
 156          
 157          //写一个字节
 158          void WriteOneChar(unsigned char dat)
 159          {
 160   1              unsigned char i=0;
 161   1              for (i=8; i>0; i--){
 162   2                      DQ = 0;
 163   2                      DQ = dat&0x01;
 164   2                      delay1(40);
 165   2                      DQ = 1;
 166   2                      dat>>=1;
 167   2                      }
 168   1      }
 169          
 170          //读取温度
 171          ReadTemperature(void)
 172          {
 173   1              unsigned char a=0;
 174   1              unsigned char b=0;
 175   1              unsigned int t=0;
 176   1      
 177   1              float tt=0;
C51 COMPILER V8.08   _度传感器                                                            05/04/2019 19:07:10 PAGE 4   

 178   1              Init_DS18B20();
 179   1              WriteOneChar(0xCC); // 跳过读序号列号的操作
 180   1              WriteOneChar(0x44); // 启动温度转换
 181   1              Init_DS18B20();
 182   1              WriteOneChar(0xCC); //跳过读序号列号的操作
 183   1              WriteOneChar(0xBE); //读取温度寄存器等（共可读9个寄存器） 前两个就是温度
 184   1              a=ReadOneChar();
 185   1              b=ReadOneChar();
 186   1              t=b;
 187   1              t<<=8;
 188   1              t=t|a;
 189   1              tt=t*0.0625; //将温度的高位与低位合并
 190   1              t= tt*10+0.5; //对结果进行4舍5入
 191   1              return(t);
 192   1      }
 193          //////////////////以上是DS18B20驱动程序////////////////
 194          
 195          /*****************以下是主函数驱动程序***************/
 196          void main()
 197          {
 198   1                uint t;
 199   1            int i=0;
 200   1                float num ;
 201   1                lnit_12864();              //初始化12864 
 202   1                Init_DS18B20();            //初始化DS18B20
 203   1                
 204   1                pos(0,0);                 //12864显示位置为第一行的第1个字符
 205   1            while(dis1[i] != '\0')
 206   1            {                         //显示字符 即"实时温度:"
 207   2             wdat(dis1[i]);
 208   2             i++;
 209   2            }
 210   1               
 211   1               while(1)
 212   1               {
 213   2                 t=ReadTemperature();
 214   2                 delay(500);
 215   2                 t=ReadTemperature();  
 216   2                      pos(0,5);                               //12864显示实时温度  位置第一行的第5个字符
 217   2                      wdat(mun_char_table[t/100]);
 218   2                      wdat(mun_char_table[t%100/10]);
 219   2                      wdat(0x2e);
 220   2                      wdat(mun_char_table[t%10]);
 221   2                      wdat(0x27);
 222   2                      wdat(0x43);
 223   2                      num= t/10.0;
 224   2                      delay(10);
 225   2              }
 226   1      }
 227          


MODULE INFORMATION:   STATIC OVERLAYABLE
   CODE SIZE        =    583    ----
   CONSTANT SIZE    =   ----    ----
   XDATA SIZE       =   ----    ----
   PDATA SIZE       =   ----    ----
   DATA SIZE        =     38      11
   IDATA SIZE       =   ----    ----
   BIT SIZE         =   ----       1
END OF MODULE INFORMATION.


C51 COMPILATION COMPLETE.  0 WARNING(S),  0 ERROR(S)
